Determining if the pthread_create exist failed with the following output:
Change Dir: /home/game/server/hwtrunk/build/CMakeFiles/CMakeTmp

Run Build Command:"/usr/bin/make" "cmTC_264f4/fast"
/usr/bin/make -f CMakeFiles/cmTC_264f4.dir/build.make CMakeFiles/cmTC_264f4.dir/build
make[1]: Entering directory '/home/game/server/hwtrunk/build/CMakeFiles/CMakeTmp'
Building C object CMakeFiles/cmTC_264f4.dir/CheckSymbolExists.c.o
/usr/bin/cc    -o CMakeFiles/cmTC_264f4.dir/CheckSymbolExists.c.o   -c /home/game/server/hwtrunk/build/CMakeFiles/CMakeTmp/CheckSymbolExists.c
Linking C executable cmTC_264f4
/usr/bin/cmake -E cmake_link_script CMakeFiles/cmTC_264f4.dir/link.txt --verbose=1
/usr/bin/cc      -rdynamic CMakeFiles/cmTC_264f4.dir/CheckSymbolExists.c.o  -o cmTC_264f4 
CMakeFiles/cmTC_264f4.dir/CheckSymbolExists.c.o：在函数‘main’中：
CheckSymbolExists.c:(.text+0x16)：对‘pthread_create’未定义的引用
collect2: error: ld returned 1 exit status
CMakeFiles/cmTC_264f4.dir/build.make:97: recipe for target 'cmTC_264f4' failed
make[1]: *** [cmTC_264f4] Error 1
make[1]: Leaving directory '/home/game/server/hwtrunk/build/CMakeFiles/CMakeTmp'
Makefile:126: recipe for target 'cmTC_264f4/fast' failed
make: *** [cmTC_264f4/fast] Error 2

File /home/game/server/hwtrunk/build/CMakeFiles/CMakeTmp/CheckSymbolExists.c:
/* */
#include <pthread.h>

int main(int argc, char** argv)
{
  (void)argv;
#ifndef pthread_create
  return ((int*)(&pthread_create))[argc];
#else
  (void)argc;
  return 0;
#endif
}

Determining if the function pthread_create exists in the pthreads failed with the following output:
Change Dir: /home/game/server/hwtrunk/build/CMakeFiles/CMakeTmp

Run Build Command:"/usr/bin/make" "cmTC_d4fba/fast"
/usr/bin/make -f CMakeFiles/cmTC_d4fba.dir/build.make CMakeFiles/cmTC_d4fba.dir/build
make[1]: Entering directory '/home/game/server/hwtrunk/build/CMakeFiles/CMakeTmp'
Building C object CMakeFiles/cmTC_d4fba.dir/CheckFunctionExists.c.o
/usr/bin/cc   -DCHECK_FUNCTION_EXISTS=pthread_create   -o CMakeFiles/cmTC_d4fba.dir/CheckFunctionExists.c.o   -c /usr/share/cmake-3.10/Modules/CheckFunctionExists.c
Linking C executable cmTC_d4fba
/usr/bin/cmake -E cmake_link_script CMakeFiles/cmTC_d4fba.dir/link.txt --verbose=1
/usr/bin/cc  -DCHECK_FUNCTION_EXISTS=pthread_create    -rdynamic CMakeFiles/cmTC_d4fba.dir/CheckFunctionExists.c.o  -o cmTC_d4fba -lpthreads 
/usr/bin/ld: 找不到 -lpthreads
collect2: error: ld returned 1 exit status
CMakeFiles/cmTC_d4fba.dir/build.make:97: recipe for target 'cmTC_d4fba' failed
make[1]: *** [cmTC_d4fba] Error 1
make[1]: Leaving directory '/home/game/server/hwtrunk/build/CMakeFiles/CMakeTmp'
Makefile:126: recipe for target 'cmTC_d4fba/fast' failed
make: *** [cmTC_d4fba/fast] Error 2


